
SQL*Loader: Release 19.0.0.0.0 - Production on Mon Sep 28 12:00:26 2020
Version 19.3.0.0.0

Copyright (c) 1982, 2019, Oracle and/or its affiliates.  All rights reserved.

Control File:   lab2a.ctl
Data File:      lab2a.dat
  Bad File:     lab2a.bad
  Discard File:  none specified
 
 (Allow all discards)

Number to load: ALL
Number to skip: 0
Errors allowed: 50
Bind array:     250 rows, maximum of 1048576 bytes
Continuation:    none specified
Path used:      Conventional

Table LAB2A, loaded from every logical record.
Insert option in effect for this table: INSERT

   Column Name                  Position   Len  Term Encl Datatype
------------------------------ ---------- ----- ---- ---- ---------------------
I                                   FIRST     *   ,       CHARACTER            
R                                    NEXT     *   ,       CHARACTER            
TXT                                  NEXT     *   ,       CHARACTER            
WHEN                                 NEXT     *   ,       DATE dd-mm-yyyy      


Table LAB2A:
  10 Rows successfully loaded.
  0 Rows not loaded due to data errors.
  0 Rows not loaded because all WHEN clauses were failed.
  0 Rows not loaded because all fields were null.


Space allocated for bind array:                 258000 bytes(250 rows)
Read   buffer bytes: 1048576

Total logical records skipped:          0
Total logical records read:            10
Total logical records rejected:         0
Total logical records discarded:        0

Run began on Mon Sep 28 12:00:26 2020
Run ended on Mon Sep 28 12:00:34 2020

Elapsed time was:     00:00:07.27
CPU time was:         00:00:00.05
