
SQL*Loader: Release 19.0.0.0.0 - Production on Tue Aug 11 22:17:38 2020
Version 19.3.0.0.0

Copyright (c) 1982, 2019, Oracle and/or its affiliates.  All rights reserved.

Control File:   xyz.ctl
Data File:      loader1.dat
  Bad File:     loader1.bad
  Discard File:  none specified
 
 (Allow all discards)

Number to load: ALL
Number to skip: 0
Errors allowed: 50
Bind array:     250 rows, maximum of 1048576 bytes
Continuation:    none specified
Path used:      Conventional

Table XYZ, loaded from every logical record.
Insert option in effect for this table: INSERT

   Column Name                  Position   Len  Term Encl Datatype
------------------------------ ---------- ----- ---- ---- ---------------------
I                                   FIRST     *   ,       CHARACTER            
S                                    NEXT     *   ,       CHARACTER            
D                                    NEXT     *   ,       DATE dd-mon-yyyy     


Table XYZ:
  3 Rows successfully loaded.
  0 Rows not loaded due to data errors.
  0 Rows not loaded because all WHEN clauses were failed.
  0 Rows not loaded because all fields were null.


Space allocated for bind array:                 193500 bytes(250 rows)
Read   buffer bytes: 1048576

Total logical records skipped:          0
Total logical records read:             3
Total logical records rejected:         0
Total logical records discarded:        0

Run began on Tue Aug 11 22:17:38 2020
Run ended on Tue Aug 11 22:17:49 2020

Elapsed time was:     00:00:10.84
CPU time was:         00:00:00.05
